# !SESSION 2022-09-24 16:15:35.405
# version: 1.1
# verbose: true
# The following option strings are specified for this debug session:
# 	null
| Worker-9: Setup scanner extension configuration | 2022-09-24 16:15:35.405 | com.iar.ide.common | /debug | com.iar.ide.common.logging.Logger | traceFile | 197 | SDK location does not exist: null |
# !SESSION 2022-09-24 16:20:46.084
# version: 1.1
# verbose: true
# The following option strings are specified for this debug session:
# 	null
| Worker-8: Setup scanner extension configuration | 2022-09-24 16:20:46.084 | com.iar.ide.common | /debug | com.iar.ide.common.logging.Logger | traceFile | 197 | SDK location does not exist: null |
# !SESSION 2022-09-24 16:42:14.749
# version: 1.1
# verbose: true
# The following option strings are specified for this debug session:
# 	null
| Worker-12: Setup scanner extension configuration | 2022-09-24 16:42:14.749 | com.iar.ide.common | /debug | com.iar.ide.common.logging.Logger | traceFile | 197 | SDK location does not exist: null |
# !SESSION 2022-09-26 16:24:00.482
# version: 1.1
# verbose: true
# The following option strings are specified for this debug session:
# 	null
| Worker-13: Setup scanner extension configuration | 2022-09-26 16:24:00.482 | com.iar.ide.common | /debug | com.iar.ide.common.logging.Logger | traceFile | 197 | SDK location does not exist: null |
# !SESSION 2022-09-27 13:08:04.348
# version: 1.1
# verbose: true
# The following option strings are specified for this debug session:
# 	null
| Worker-8: Setup scanner extension configuration | 2022-09-27 13:08:04.348 | com.iar.ide.common | /debug | com.iar.ide.common.logging.Logger | traceFile | 197 | SDK location does not exist: null |
# !SESSION 2022-09-27 14:23:10.787
# version: 1.1
# verbose: true
# The following option strings are specified for this debug session:
# 	null
| Worker-11: Setup scanner extension configuration | 2022-09-27 14:23:10.787 | com.iar.ide.common | /debug | com.iar.ide.common.logging.Logger | traceFile | 197 | SDK location does not exist: null |
# !SESSION 2022-09-28 13:49:05.487
# version: 1.1
# verbose: true
# The following option strings are specified for this debug session:
# 	null
| Worker-12: Setup scanner extension configuration | 2022-09-28 13:49:05.487 | com.iar.ide.common | /debug | com.iar.ide.common.logging.Logger | traceFile | 197 | SDK location does not exist: null |
# !SESSION 2022-09-28 16:53:24.475
# version: 1.1
# verbose: true
# The following option strings are specified for this debug session:
# 	null
| Worker-10: Setup scanner extension configuration | 2022-09-28 16:53:24.475 | com.iar.ide.common | /debug | com.iar.ide.common.logging.Logger | traceFile | 197 | SDK location does not exist: null |
# !SESSION 2022-09-28 17:10:01.203
# version: 1.1
# verbose: true
# The following option strings are specified for this debug session:
# 	null
| Worker-4: Setup scanner extension configuration | 2022-09-28 17:10:01.203 | com.iar.ide.common | /debug | com.iar.ide.common.logging.Logger | traceFile | 197 | SDK location does not exist: null |
# !SESSION 2022-09-28 17:20:25.402
# version: 1.1
# verbose: true
# The following option strings are specified for this debug session:
# 	null
| Worker-12: Setup scanner extension configuration | 2022-09-28 17:20:25.402 | com.iar.ide.common | /debug | com.iar.ide.common.logging.Logger | traceFile | 197 | SDK location does not exist: null |
# !SESSION 2022-09-28 17:21:01.421
# version: 1.1
# verbose: true
# The following option strings are specified for this debug session:
# 	null
| Worker-9: Setup scanner extension configuration | 2022-09-28 17:21:01.421 | com.iar.ide.common | /debug | com.iar.ide.common.logging.Logger | traceFile | 197 | SDK location does not exist: null |
# !SESSION 2022-09-29 13:19:30.756
# version: 1.1
# verbose: true
# The following option strings are specified for this debug session:
# 	null
| Worker-15: Setup scanner extension configuration | 2022-09-29 13:19:30.756 | com.iar.ide.common | /debug | com.iar.ide.common.logging.Logger | traceFile | 197 | SDK location does not exist: null |
# !SESSION 2022-10-02 13:59:52.302
# version: 1.1
# verbose: true
# The following option strings are specified for this debug session:
# 	null
| Worker-13: Setup scanner extension configuration | 2022-10-02 13:59:52.302 | com.iar.ide.common | /debug | com.iar.ide.common.logging.Logger | traceFile | 197 | SDK location does not exist: null |
# !SESSION 2022-10-02 14:24:43.817
# version: 1.1
# verbose: true
# The following option strings are specified for this debug session:
# 	null
| Worker-11: Setup scanner extension configuration | 2022-10-02 14:24:43.817 | com.iar.ide.common | /debug | com.iar.ide.common.logging.Logger | traceFile | 197 | SDK location does not exist: null |
# !SESSION 2022-10-02 14:25:02.548
# version: 1.1
# verbose: true
# The following option strings are specified for this debug session:
# 	null
| Worker-9: Setup scanner extension configuration | 2022-10-02 14:25:02.548 | com.iar.ide.common | /debug | com.iar.ide.common.logging.Logger | traceFile | 197 | SDK location does not exist: null |
# !SESSION 2022-10-02 14:25:19.659
# version: 1.1
# verbose: true
# The following option strings are specified for this debug session:
# 	null
| Worker-9: Setup scanner extension configuration | 2022-10-02 14:25:19.659 | com.iar.ide.common | /debug | com.iar.ide.common.logging.Logger | traceFile | 197 | SDK location does not exist: null |
# !SESSION 2022-10-02 14:25:37.580
# version: 1.1
# verbose: true
# The following option strings are specified for this debug session:
# 	null
| Worker-10: Setup scanner extension configuration | 2022-10-02 14:25:37.580 | com.iar.ide.common | /debug | com.iar.ide.common.logging.Logger | traceFile | 197 | SDK location does not exist: null |
# !SESSION 2022-10-02 16:14:10.329
# version: 1.1
# verbose: true
# The following option strings are specified for this debug session:
# 	null
| Worker-7: Setup scanner extension configuration | 2022-10-02 16:14:10.329 | com.iar.ide.common | /debug | com.iar.ide.common.logging.Logger | traceFile | 197 | SDK location does not exist: null |
# !SESSION 2022-10-04 15:16:19.836
# version: 1.1
# verbose: true
# The following option strings are specified for this debug session:
# 	null
| Worker-8: Setup scanner extension configuration | 2022-10-04 15:16:19.836 | com.iar.ide.common | /debug | com.iar.ide.common.logging.Logger | traceFile | 197 | SDK location does not exist: null |
# !SESSION 2022-10-08 13:23:12.758
# version: 1.1
# verbose: true
# The following option strings are specified for this debug session:
# 	null
| Worker-12: Setup scanner extension configuration | 2022-10-08 13:23:12.758 | com.iar.ide.common | /debug | com.iar.ide.common.logging.Logger | traceFile | 197 | SDK location does not exist: null |
# !SESSION 2022-10-15 14:23:05.494
# version: 1.1
# verbose: true
# The following option strings are specified for this debug session:
# 	null
| Worker-11: Setup scanner extension configuration | 2022-10-15 14:23:05.494 | com.iar.ide.common | /debug | com.iar.ide.common.logging.Logger | traceFile | 197 | SDK location does not exist: null |
# !SESSION 2022-10-15 18:31:33.666
# version: 1.1
# verbose: true
# The following option strings are specified for this debug session:
# 	null
| Worker-14: Setup scanner extension configuration | 2022-10-15 18:31:33.666 | com.iar.ide.common | /debug | com.iar.ide.common.logging.Logger | traceFile | 197 | SDK location does not exist: null |
# !SESSION 2022-10-16 11:57:15.357
# version: 1.1
# verbose: true
# The following option strings are specified for this debug session:
# 	null
| Worker-8: Setup scanner extension configuration | 2022-10-16 11:57:15.357 | com.iar.ide.common | /debug | com.iar.ide.common.logging.Logger | traceFile | 197 | SDK location does not exist: null |
# !SESSION 2022-10-16 13:24:05.428
# version: 1.1
# verbose: true
# The following option strings are specified for this debug session:
# 	null
| Worker-13: Setup scanner extension configuration | 2022-10-16 13:24:05.428 | com.iar.ide.common | /debug | com.iar.ide.common.logging.Logger | traceFile | 197 | SDK location does not exist: null |
# !SESSION 2022-10-16 13:51:11.153
# version: 1.1
# verbose: true
# The following option strings are specified for this debug session:
# 	null
| Worker-9: Setup scanner extension configuration | 2022-10-16 13:51:11.153 | com.iar.ide.common | /debug | com.iar.ide.common.logging.Logger | traceFile | 197 | SDK location does not exist: null |
# !SESSION 2022-10-16 15:07:46.330
# version: 1.1
# verbose: true
# The following option strings are specified for this debug session:
# 	null
| Worker-11: Setup scanner extension configuration | 2022-10-16 15:07:46.330 | com.iar.ide.common | /debug | com.iar.ide.common.logging.Logger | traceFile | 197 | SDK location does not exist: null |
# !SESSION 2022-10-16 15:16:00.292
# version: 1.1
# verbose: true
# The following option strings are specified for this debug session:
# 	null
| Worker-12: Setup scanner extension configuration | 2022-10-16 15:16:00.292 | com.iar.ide.common | /debug | com.iar.ide.common.logging.Logger | traceFile | 197 | SDK location does not exist: null |
# !SESSION 2022-10-16 16:53:41.112
# version: 1.1
# verbose: true
# The following option strings are specified for this debug session:
# 	null
| Worker-8: Setup scanner extension configuration | 2022-10-16 16:53:41.112 | com.iar.ide.common | /debug | com.iar.ide.common.logging.Logger | traceFile | 197 | SDK location does not exist: null |
