Removed Pin From Net: NetName=I2C_SCL Pin=-1
Removed Pin From Net: NetName=I2C_SDA Pin=-1
Removed Pin From Net: NetName=I2C_SDA Pin=-34
Removed Pin From Net: NetName=I2C_SCL Pin=-35
Change Component Comment : Designator= Old Comment= New Comment=0.1 µF
Change Component Comment : Designator= Old Comment= New Comment=0.1 µF
Change Component Comment : Designator= Old Comment= New Comment=0.1 µF
Change Component Comment : Designator= Old Comment= New Comment=0.1 µF
Change Component Comment : Designator= Old Comment= New Comment=0.1 µF
Change Component Comment : Designator= Old Comment= New Comment=0.1 µF
Change Component Comment : Designator= Old Comment= New Comment=0.1 µF
Change Component Comment : Designator= Old Comment= New Comment=1.5 kOhms
Change Component Comment : Designator= Old Comment= New Comment=1.5 kOhms
Change Component Comment : Designator= Old Comment= New Comment=1.6 pF
Change Component Comment : Designator= Old Comment= New Comment=1.7 nH
Change Component Comment : Designator= Old Comment= New Comment=1 µF
Change Component Comment : Designator= Old Comment= New Comment=1 µF
Change Component Comment : Designator= Old Comment= New Comment=1 µF
Change Component Comment : Designator= Old Comment= New Comment=1 µF
Change Component Comment : Designator= Old Comment= New Comment=1 µF
Change Component Comment : Designator= Old Comment= New Comment=2.2 µH
Change Component Comment : Designator= Old Comment= New Comment=2.3 pF
Change Component Comment : Designator= Old Comment= New Comment=2.5 nH
Change Component Comment : Designator= Old Comment= New Comment=4.7uF
Change Component Comment : Designator= Old Comment= New Comment=9 pF
Change Component Comment : Designator= Old Comment= New Comment=9 pF
Change Component Comment : Designator= Old Comment= New Comment=10 kOhms
Change Component Comment : Designator= Old Comment= New Comment=10 kOhms
Change Component Comment : Designator= Old Comment= New Comment=10 kOhms
Change Component Comment : Designator= Old Comment= New Comment=10 µF
Change Component Comment : Designator= Old Comment= New Comment=10 µF
Change Component Comment : Designator= Old Comment= New Comment=18 pF
Change Component Comment : Designator= Old Comment= New Comment=22 µF
Change Component Comment : Designator= Old Comment= New Comment=22 µF
Change Component Comment : Designator= Old Comment= New Comment=100pF
Change Component Comment : Designator= Old Comment= New Comment=2468
Change Component Comment : Designator= Old Comment= New Comment==Value
Change Component Comment : Designator= Old Comment= New Comment=A111
Change Component Comment : Designator= Old Comment= New Comment=CX2016DB48000C0WPLA2
Change Component Comment : Designator= Old Comment= New Comment=CX2016DB48000C0WPLA2
Change Component Comment : Designator= Old Comment= New Comment=EFR32MG24B220F1536IM48
Change Component Comment : Designator= Old Comment= New Comment=M40-3200545R
Change Component Comment : Designator= Old Comment= New Comment=OPT3001DNPR
Change Component Comment : Designator= Old Comment= New Comment=PRO-OB-440
Change Component Comment : Designator= Old Comment= New Comment=TPS62840DLCR
Change Component Comment : Designator= Old Comment= New Comment=Yellow
Change Component Comment : Designator= Old Comment= New Comment=Yellow
Change Component Comment : Designator= Old Comment= New Comment=Yellow
Change Component Designator: OldDesignator= NewDesignator=ANT1
Change Component Designator: OldDesignator= NewDesignator=B1
Change Component Designator: OldDesignator= NewDesignator=C1
Change Component Designator: OldDesignator= NewDesignator=C2
Change Component Designator: OldDesignator= NewDesignator=C3
Change Component Designator: OldDesignator= NewDesignator=C4
Change Component Designator: OldDesignator= NewDesignator=C5
Change Component Designator: OldDesignator= NewDesignator=C6
Change Component Designator: OldDesignator= NewDesignator=C7
Change Component Designator: OldDesignator= NewDesignator=C8
Change Component Designator: OldDesignator= NewDesignator=C9
Change Component Designator: OldDesignator= NewDesignator=C10
Change Component Designator: OldDesignator= NewDesignator=C11
Change Component Designator: OldDesignator= NewDesignator=C12
Change Component Designator: OldDesignator= NewDesignator=C13
Change Component Designator: OldDesignator= NewDesignator=C14
Change Component Designator: OldDesignator= NewDesignator=C15
Change Component Designator: OldDesignator= NewDesignator=C16
Change Component Designator: OldDesignator= NewDesignator=C17
Change Component Designator: OldDesignator= NewDesignator=C18
Change Component Designator: OldDesignator= NewDesignator=C19
Change Component Designator: OldDesignator= NewDesignator=C20
Change Component Designator: OldDesignator= NewDesignator=C21
Change Component Designator: OldDesignator= NewDesignator=C22
Change Component Designator: OldDesignator= NewDesignator=C23
Change Component Designator: OldDesignator= NewDesignator=D1
Change Component Designator: OldDesignator= NewDesignator=D2
Change Component Designator: OldDesignator= NewDesignator=D3
Change Component Designator: OldDesignator= NewDesignator=J1
Change Component Designator: OldDesignator= NewDesignator=L1
Change Component Designator: OldDesignator= NewDesignator=L2
Change Component Designator: OldDesignator= NewDesignator=L3
Change Component Designator: OldDesignator= NewDesignator=R1
Change Component Designator: OldDesignator= NewDesignator=R2
Change Component Designator: OldDesignator= NewDesignator=R3
Change Component Designator: OldDesignator= NewDesignator=R4
Change Component Designator: OldDesignator= NewDesignator=R5
Change Component Designator: OldDesignator= NewDesignator=R6
Change Component Designator: OldDesignator= NewDesignator=U1
Change Component Designator: OldDesignator= NewDesignator=U2
Change Component Designator: OldDesignator= NewDesignator=U3
Change Component Designator: OldDesignator= NewDesignator=U4
Change Component Designator: OldDesignator= NewDesignator=Y1
Change Component Designator: OldDesignator= NewDesignator=Y2
Added Pin To Net: NetName=I2C_SCL Pin=R2-1
Added Pin To Net: NetName=I2C_SDA Pin=R4-1
Added Pin To Net: NetName=I2C_SCL Pin=U1-34
Added Pin To Net: NetName=I2C_SDA Pin=U1-35
Added Member To Class: ClassName=mcu Member=Component ANT1 PRO-OB-440
Added Member To Class: ClassName=power Member=Component B1 2468
Added Member To Class: ClassName=mcu Member=Component C1 18 pF
Added Member To Class: ClassName=mcu Member=Component C2 1 µF
Added Member To Class: ClassName=mcu Member=Component C3 1.6 pF
Added Member To Class: ClassName=mcu Member=Component C4 2.3 pF
Added Member To Class: ClassName=mcu Member=Component C5 0.1 µF
Added Member To Class: ClassName=mcu Member=Component C6 0.1 µF
Added Member To Class: ClassName=mcu Member=Component C7 1 µF
Added Member To Class: ClassName=mcu Member=Component C8 1 µF
Added Member To Class: ClassName=mcu Member=Component C9 10 µF
Added Member To Class: ClassName=mcu Member=Component C10 100pF
Added Member To Class: ClassName=mcu Member=Component C11 0.1 µF
Added Member To Class: ClassName=mcu Member=Component C12 0.1 µF
Added Member To Class: ClassName=mcu Member=Component C13 1 µF
Added Member To Class: ClassName=radar Member=Component C14 9 pF
Added Member To Class: ClassName=radar Member=Component C15 9 pF
Added Member To Class: ClassName=radar Member=Component C16 0.1 µF
Added Member To Class: ClassName=radar Member=Component C17 0.1 µF
Added Member To Class: ClassName=radar Member=Component C18 0.1 µF
Added Member To Class: ClassName=radar Member=Component C19 1 µF
Added Member To Class: ClassName=radar Member=Component C20 22 µF
Added Member To Class: ClassName=radar Member=Component C21 22 µF
Added Member To Class: ClassName=power Member=Component C22 4.7uF
Added Member To Class: ClassName=power Member=Component C23 10 µF
Added Member To Class: ClassName=mcu Member=Component D1 Yellow
Added Member To Class: ClassName=mcu Member=Component D2 Yellow
Added Member To Class: ClassName=mcu Member=Component D3 Yellow
Added Member To Class: ClassName=mcu Member=Component J1 M40-3200545R
Added Member To Class: ClassName=mcu Member=Component L1 1.7 nH
Added Member To Class: ClassName=mcu Member=Component L2 2.5 nH
Added Member To Class: ClassName=power Member=Component L3 2.2 µH
Added Member To Class: ClassName=mcu Member=Component R1 =Value
Added Member To Class: ClassName=mcu Member=Component R2 10 kOhms
Added Member To Class: ClassName=mcu Member=Component R3 1.5 kOhms
Added Member To Class: ClassName=mcu Member=Component R4 10 kOhms
Added Member To Class: ClassName=mcu Member=Component R5 1.5 kOhms
Added Member To Class: ClassName=mcu Member=Component R6 10 kOhms
Added Member To Class: ClassName=mcu Member=Component U1 EFR32MG24B220F1536IM48
Added Member To Class: ClassName=mcu Member=Component U2 OPT3001DNPR
Added Member To Class: ClassName=radar Member=Component U3 A111
Added Member To Class: ClassName=power Member=Component U4 TPS62840DLCR
Added Member To Class: ClassName=mcu Member=Component Y1 CX2016DB48000C0WPLA2
Added Member To Class: ClassName=radar Member=Component Y2 CX2016DB48000C0WPLA2
Added Room: Name=mcu
Added Room: Name=power
Added Room: Name=radar
