Added Pin To Net: NetName=GND Pin=U2-A3
Added Pin To Net: NetName=GND Pin=U2-A4
Added Pin To Net: NetName=GND Pin=U2-A5
Added Pin To Net: NetName=GND Pin=U2-A6
Added Pin To Net: NetName=GND Pin=U2-A7
Added Pin To Net: NetName=GND Pin=U2-A8
Added Pin To Net: NetName=GND Pin=U2-A9
Added Pin To Net: NetName=GND Pin=U2-B2
Added Pin To Net: NetName=GND Pin=U2-B9
Added Pin To Net: NetName=GND Pin=U2-B10
Added Pin To Net: NetName=GND Pin=U2-C1
Added Pin To Net: NetName=VCC Pin=U2-C2
Added Pin To Net: NetName=VCC Pin=U2-C9
Added Pin To Net: NetName=GND Pin=U2-C10
Added Pin To Net: NetName=VCC Pin=U2-D1
Added Pin To Net: NetName=GND Pin=U2-D2
Added Pin To Net: NetName=GND Pin=U2-D9
Added Pin To Net: NetName=VCC Pin=U2-D10
Added Pin To Net: NetName=GND Pin=U2-E1
Added Pin To Net: NetName=GND Pin=U2-E2
Added Pin To Net: NetName=GND Pin=U2-E9
Added Pin To Net: NetName=GND Pin=U2-E10
Added Pin To Net: NetName=GND Pin=U2-F1
Added Pin To Net: NetName=GND Pin=U2-F2
Added Pin To Net: NetName=GND Pin=U2-F9
Added Pin To Net: NetName=GND Pin=U2-G1
Added Pin To Net: NetName=GND Pin=U2-G10
Added Pin To Net: NetName=GND Pin=U2-H1
Added Pin To Net: NetName=GND Pin=U2-H2
Added Pin To Net: NetName=GND Pin=U2-H9
Added Pin To Net: NetName=GND Pin=U2-J3
Added Pin To Net: NetName=GND Pin=U2-J5
Added Pin To Net: NetName=GND Pin=U2-J6
Added Pin To Net: NetName=GND Pin=U2-J8
Added Pin To Net: NetName=VCC Pin=U2-J9
Added Pin To Net: NetName=GND Pin=U2-K4
Added Pin To Net: NetName=GND Pin=U2-K5
Added Pin To Net: NetName=GND Pin=U2-K7
Added Pin To Net: NetName=VCC Pin=U2-K9
Added Pin To Net: NetName=NetU1_18 Pin=U1-18
Added Pin To Net: NetName=NetU1_18 Pin=U2-J2
Added Net: Name=NetU1_18
Added Pin To Net: NetName=NetU1_19 Pin=U1-19
Added Pin To Net: NetName=NetU1_19 Pin=U2-K6
Added Net: Name=NetU1_19
Added Pin To Net: NetName=NetU1_20 Pin=U1-20
Added Pin To Net: NetName=NetU1_20 Pin=U2-K3
Added Net: Name=NetU1_20
Added Pin To Net: NetName=NetU1_21 Pin=U1-21
Added Pin To Net: NetName=NetU1_21 Pin=U2-K2
Added Net: Name=NetU1_21
Added Pin To Net: NetName=NetU1_32 Pin=U1-32
Added Pin To Net: NetName=NetU1_32 Pin=U2-F10
Added Net: Name=NetU1_32
Added Pin To Net: NetName=NetU1_33 Pin=U1-33
Added Pin To Net: NetName=NetU1_33 Pin=U2-K8
Added Net: Name=NetU1_33
Added Pin To Net: NetName=RX Pin=U1-35
Added Net: Name=RX
Added Pin To Net: NetName=SWCLK Pin=U1-29
Added Net: Name=SWCLK
Added Pin To Net: NetName=SWDIO Pin=U1-30
Added Net: Name=SWDIO
Added Pin To Net: NetName=SWO Pin=U1-31
Added Net: Name=SWO
Added Pin To Net: NetName=TX Pin=U1-34
Added Net: Name=TX
