Removed Member From Class: ClassName=power Member=
Change Component Comment : Designator= Old Comment= New Comment=0.1 µF
Change Component Comment : Designator= Old Comment= New Comment=0.1 µF
Change Component Comment : Designator= Old Comment= New Comment=0.1 µF
Change Component Comment : Designator= Old Comment= New Comment=0.1 µF
Change Component Comment : Designator= Old Comment= New Comment=0.1 µF
Change Component Comment : Designator= Old Comment= New Comment=0.1 µF
Change Component Comment : Designator= Old Comment= New Comment=0.1 µF
Change Component Comment : Designator= Old Comment= New Comment=1.5 kOhms
Change Component Comment : Designator= Old Comment= New Comment=1.5 kOhms
Change Component Comment : Designator= Old Comment= New Comment=1.5 kOhms
Change Component Comment : Designator= Old Comment= New Comment=1.6 pF
Change Component Comment : Designator= Old Comment= New Comment=1.7 nH
Change Component Comment : Designator= Old Comment= New Comment=1 µF
Change Component Comment : Designator= Old Comment= New Comment=1 µF
Change Component Comment : Designator= Old Comment= New Comment=1 µF
Change Component Comment : Designator= Old Comment= New Comment=1 µF
Change Component Comment : Designator= Old Comment= New Comment=1 µF
Change Component Comment : Designator= Old Comment= New Comment=1 µF
Change Component Comment : Designator= Old Comment= New Comment=1 µF
Change Component Comment : Designator= Old Comment= New Comment=2.2 µH
Change Component Comment : Designator= Old Comment= New Comment=2.3 pF
Change Component Comment : Designator= Old Comment= New Comment=2.5 nH
Change Component Comment : Designator= Old Comment= New Comment=4.7uF
Change Component Comment : Designator= Old Comment= New Comment=10 kOhms
Change Component Comment : Designator= Old Comment= New Comment=10 µF
Change Component Comment : Designator= Old Comment= New Comment=10 µF
Change Component Comment : Designator= Old Comment= New Comment=18 pF
Change Component Comment : Designator= Old Comment= New Comment=100pF
Change Component Comment : Designator= Old Comment= New Comment=2468
Change Component Comment : Designator= Old Comment= New Comment=A111
Change Component Comment : Designator= Old Comment= New Comment=CX2016DB48000C0WPLA2
Change Component Comment : Designator= Old Comment= New Comment=EFR32MG24B220F1536IM48
Change Component Comment : Designator= Old Comment= New Comment=M40-3200545R
Change Component Comment : Designator= Old Comment= New Comment=PRO-OB-440
Change Component Comment : Designator= Old Comment= New Comment=TPS62840DLCR
Change Component Comment : Designator= Old Comment= New Comment=Yellow
Change Component Comment : Designator= Old Comment= New Comment=Yellow
Change Component Comment : Designator= Old Comment= New Comment=Yellow
Change Component Designator: OldDesignator= NewDesignator=ANT1
Change Component Designator: OldDesignator= NewDesignator=B1
Change Component Designator: OldDesignator= NewDesignator=C1
Change Component Designator: OldDesignator= NewDesignator=C2
Change Component Designator: OldDesignator= NewDesignator=C3
Change Component Designator: OldDesignator= NewDesignator=C4
Change Component Designator: OldDesignator= NewDesignator=C5
Change Component Designator: OldDesignator= NewDesignator=C6
Change Component Designator: OldDesignator= NewDesignator=C7
Change Component Designator: OldDesignator= NewDesignator=C8
Change Component Designator: OldDesignator= NewDesignator=C9
Change Component Designator: OldDesignator= NewDesignator=C10
Change Component Designator: OldDesignator= NewDesignator=C11
Change Component Designator: OldDesignator= NewDesignator=C12
Change Component Designator: OldDesignator= NewDesignator=C13
Change Component Designator: OldDesignator= NewDesignator=C14
Change Component Designator: OldDesignator= NewDesignator=C15
Change Component Designator: OldDesignator= NewDesignator=C16
Change Component Designator: OldDesignator= NewDesignator=C17
Change Component Designator: OldDesignator= NewDesignator=C18
Change Component Designator: OldDesignator= NewDesignator=C19
Change Component Designator: OldDesignator= NewDesignator=C20
Change Component Designator: OldDesignator= NewDesignator=C21
Change Component Designator: OldDesignator= NewDesignator=D1
Change Component Designator: OldDesignator= NewDesignator=D2
Change Component Designator: OldDesignator= NewDesignator=D3
Change Component Designator: OldDesignator= NewDesignator=J1
Change Component Designator: OldDesignator= NewDesignator=L1
Change Component Designator: OldDesignator= NewDesignator=L2
Change Component Designator: OldDesignator= NewDesignator=L3
Change Component Designator: OldDesignator= NewDesignator=R1
Change Component Designator: OldDesignator= NewDesignator=R2
Change Component Designator: OldDesignator= NewDesignator=R3
Change Component Designator: OldDesignator= NewDesignator=R4
Change Component Designator: OldDesignator= NewDesignator=U1
Change Component Designator: OldDesignator= NewDesignator=U2
Change Component Designator: OldDesignator= NewDesignator=U3
Change Component Designator: OldDesignator= NewDesignator=Y1
Added Component: Designator=U4(FP-DNP0006A-MFG)
Add component (AddParameter): Name = "Automotive"; Value = "No"; VariantName = "[No Variations]"
Add component (AddParameter): Name = "Category"; Value = "IC"; VariantName = "[No Variations]"
Add component (AddParameter): Name = "ComponentLink2Description"; Value = "Datasheet"; VariantName = "[No Variations]"
Add component (AddParameter): Name = "ComponentLink2URL"; Value = "http://www.ti.com/lit/ds/symlink/opt3001.pdf"; VariantName = "[No Variations]"
Add component (AddParameter): Name = "Device Class L1"; Value = "Sensors"; VariantName = "[No Variations]"
Add component (AddParameter): Name = "Device Class L2"; Value = "Optical Sensors"; VariantName = "[No Variations]"
Add component (AddParameter): Name = "Device Class L3"; Value = "unset"; VariantName = "[No Variations]"
Add component (AddParameter): Name = "Digikey Description"; Value = "SENSOR OPT 550NM AMBIENT 6USON"; VariantName = "[No Variations]"
Add component (AddParameter): Name = "Height"; Value = "0.65mm"; VariantName = "[No Variations]"
Add component (AddParameter): Name = "Ipc Land Pattern Name"; Value = "DFN200X200X60-6"; VariantName = "[No Variations]"
Add component (AddParameter): Name = "Lead Free"; Value = "Yes"; VariantName = "[No Variations]"
Add component (AddParameter): Name = "Manufacturer"; Value = "Texas Instruments"; VariantName = "[No Variations]"
Add component (AddParameter): Name = "Manufacturer Part Number"; Value = "OPT3001DNPR"; VariantName = "[No Variations]"
Add component (AddParameter): Name = "Max Junction Temp"; Value = "+150°C"; VariantName = "[No Variations]"
Add component (AddParameter): Name = "Max Supply Voltage"; Value = "3.6V"; VariantName = "[No Variations]"
Add component (AddParameter): Name = "Min Supply Voltage"; Value = "1.6V"; VariantName = "[No Variations]"
Add component (AddParameter): Name = "Octopart"; Value = "https://octopart.com/opt3001dnpr-texas+instruments-47324050"; VariantName = "[No Variations]"
Add component (AddParameter): Name = "Operating Supply Current"; Value = "0.3-1.8uA"; VariantName = "[No Variations]"
Add component (AddParameter): Name = "Package"; Value = "DNP0006A"; VariantName = "[No Variations]"
Add component (AddParameter): Name = "RoHS"; Value = "TRUE"; VariantName = "[No Variations]"
Add component (AddParameter): Name = "Sensor Output"; Value = "I2C,SMBus"; VariantName = "[No Variations]"
Add component (AddParameter): Name = "Standoff Height"; Value = "0mm"; VariantName = "[No Variations]"
Add component (AddParameter): Name = "Temperature"; Value = "-40°C to +85°C"; VariantName = "[No Variations]"
Add component (AddParameter): Name = "Temperature Range High"; Value = "+85°C"; VariantName = "[No Variations]"
Add component (AddParameter): Name = "Temperature Range Low"; Value = "-40°C"; VariantName = "[No Variations]"
Added Pin To Net: NetName=1V8 Pin=U4-1
Added Pin To Net: NetName=GND Pin=U4-2
Added Pin To Net: NetName=GND Pin=U4-3
Added Pin To Net: NetName=GND Pin=U4-7
Added Pin To Net: NetName=I2C_SCL Pin=U1-34
Added Net: Name=I2C_SCL
Added Pin To Net: NetName=I2C_SDA Pin=U1-35
Added Pin To Net: NetName=I2C_SDA Pin=U4-6
Added Net: Name=I2C_SDA
Added Pin To Net: NetName=OPT_INT Pin=U4-5
Added Net: Name=OPT_INT
Added Member To Class: ClassName=mcu Member=Component ANT1 PRO-OB-440
Added Member To Class: ClassName=power Member=Component B1 2468
Added Member To Class: ClassName=mcu Member=Component C1 0.1 µF
Added Member To Class: ClassName=mcu Member=Component C2 1 µF
Added Member To Class: ClassName=mcu Member=Component C3 1 µF
Added Member To Class: ClassName=mcu Member=Component C4 0.1 µF
Added Member To Class: ClassName=mcu Member=Component C6 0.1 µF
Added Member To Class: ClassName=mcu Member=Component C7 0.1 µF
Added Member To Class: ClassName=mcu Member=Component C8 1 µF
Added Member To Class: ClassName=mcu Member=Component C9 2.3 pF
Added Member To Class: ClassName=mcu Member=Component C10 1.6 pF
Added Member To Class: ClassName=mcu Member=Component C11 18 pF
Added Member To Class: ClassName=mcu Member=Component C12 1 µF
Added Member To Class: ClassName=power Member=Component C13 10 µF
Added Member To Class: ClassName=radar Member=Component C14 0.1 µF
Added Member To Class: ClassName=radar Member=Component C15 0.1 µF
Added Member To Class: ClassName=radar Member=Component C16 0.1 µF
Added Member To Class: ClassName=radar Member=Component C17 1 µF
Added Member To Class: ClassName=radar Member=Component C18 1 µF
Added Member To Class: ClassName=radar Member=Component C19 1 µF
Added Member To Class: ClassName=mcu Member=Component C20 10 µF
Added Member To Class: ClassName=power Member=Component C21 4.7uF
Added Member To Class: ClassName=mcu Member=Component D1 Yellow
Added Member To Class: ClassName=mcu Member=Component D2 Yellow
Added Member To Class: ClassName=mcu Member=Component D3 Yellow
Added Member To Class: ClassName=mcu Member=Component J1 M40-3200545R
Added Member To Class: ClassName=mcu Member=Component L1 2.5 nH
Added Member To Class: ClassName=mcu Member=Component L2 1.7 nH
Added Member To Class: ClassName=power Member=Component L3 2.2 µH
Added Member To Class: ClassName=mcu Member=Component R1 10 kOhms
Added Member To Class: ClassName=mcu Member=Component R2 1.5 kOhms
Added Member To Class: ClassName=mcu Member=Component R3 1.5 kOhms
Added Member To Class: ClassName=mcu Member=Component R4 1.5 kOhms
Added Member To Class: ClassName=mcu Member=Component U1 EFR32MG24B220F1536IM48
Added Member To Class: ClassName=radar Member=Component U2 A111
Added Member To Class: ClassName=power Member=Component U3 TPS62840DLCR
Added Member To Class: ClassName=mcu Member=Component U4 OPT3001DNPR
Added Member To Class: ClassName=mcu Member=Component Y1 CX2016DB48000C0WPLA2
Added Room: Name=mcu
Added Room: Name=power
Added Room: Name=radar
