Added Component: Designator=L?(IND 0806_2016)
Add component (AddParameter): Name = "ComponentLink2Description"; Value = "DigiKey Link"; VariantName = "[No Variations]"
Add component (AddParameter): Name = "ComponentLink2URL"; Value = "http://digikey.com/product-detail/en/sumida-america-components-inc/201610CDMCDDS-R68MC/308-2613-1-ND/9960812"; VariantName = "[No Variations]"
Add component (AddParameter): Name = "Current - Saturation"; Value = "3.6A"; VariantName = "[No Variations]"
Add component (AddParameter): Name = "Current Rating (Amps)"; Value = "4.2A"; VariantName = "[No Variations]"
Add component (AddParameter): Name = "DC Resistance (DCR)"; Value = "43mOhm Max"; VariantName = "[No Variations]"
Add component (AddParameter): Name = "Device Package"; Value = "0806 (2016 Metric)"; VariantName = "[No Variations]"
Add component (AddParameter): Name = "Height - Seated (Max)"; Value = "0.039" (1.00mm)"; VariantName = "[No Variations]"
Add component (AddParameter): Name = "Inductance"; Value = "680nH"; VariantName = "[No Variations]"
Add component (AddParameter): Name = "Inductance Frequency - Test"; Value = "1MHz"; VariantName = "[No Variations]"
Add component (AddParameter): Name = "LastUpdated"; Value = "11/9/2022 10:37:46 am"; VariantName = "[No Variations]"
Add component (AddParameter): Name = "Lifecycle Status"; Value = "Active"; VariantName = "[No Variations]"
Add component (AddParameter): Name = "Manufacturer"; Value = "Sumida America Components Inc."; VariantName = "[No Variations]"
Add component (AddParameter): Name = "Material - Core"; Value = "Metal Composite"; VariantName = "[No Variations]"
Add component (AddParameter): Name = "Minimum Order"; Value = "1"; VariantName = "[No Variations]"
Add component (AddParameter): Name = "Mounting Type"; Value = "Surface Mount"; VariantName = "[No Variations]"
Add component (AddParameter): Name = "Operating Temperature"; Value = "-55°C ~ 125°C"; VariantName = "[No Variations]"
Add component (AddParameter): Name = "Package / Case"; Value = "0806 (2016 Metric)"; VariantName = "[No Variations]"
Add component (AddParameter): Name = "Packaging"; Value = "TapeAndReel"; VariantName = "[No Variations]"
Add component (AddParameter): Name = "Part Number"; Value = "201610CDMCDDS-R68MC"; VariantName = "[No Variations]"
Add component (AddParameter): Name = "Part Status"; Value = "Active"; VariantName = "[No Variations]"
Add component (AddParameter): Name = "PartId"; Value = "2889"; VariantName = "[No Variations]"
Add component (AddParameter): Name = "Price"; Value = "0.17"; VariantName = "[No Variations]"
Add component (AddParameter): Name = "Series"; Value = "201610CDMCD/DS"; VariantName = "[No Variations]"
Add component (AddParameter): Name = "Shielding"; Value = "Shielded"; VariantName = "[No Variations]"
Add component (AddParameter): Name = "Size / Dimension"; Value = "0.079" L x 0.063" W (2.00mm x 1.60mm)"; VariantName = "[No Variations]"
Add component (AddParameter): Name = "Supplier 1"; Value = "DigiKey"; VariantName = "[No Variations]"
Add component (AddParameter): Name = "Supplier Device Package"; Value = "0806"; VariantName = "[No Variations]"
Add component (AddParameter): Name = "Supplier Part Number 1"; Value = "308-2613-1-ND"; VariantName = "[No Variations]"
Add component (AddParameter): Name = "Tolerance"; Value = "±20%"; VariantName = "[No Variations]"
Add component (AddParameter): Name = "Type"; Value = "Molded"; VariantName = "[No Variations]"
Add component (AddParameter): Name = "Value"; Value = "680nH"; VariantName = "[No Variations]"
Added Pin To Net: NetName=GND Pin=ANT1-1
Added Pin To Net: NetName=NetANT1_2 Pin=ANT1-2
Added Pin To Net: NetName=GND Pin=B?-2
Added Pin To Net: NetName=GND Pin=C1-1
Added Pin To Net: NetName=GND Pin=C2-1
Added Pin To Net: NetName=GND Pin=C3-1
Added Pin To Net: NetName=GND Pin=C4-1
Added Pin To Net: NetName=GND Pin=C5-1
Added Pin To Net: NetName=GND Pin=C6-1
Added Pin To Net: NetName=GND Pin=C7-1
Added Pin To Net: NetName=GND Pin=C8-1
Added Pin To Net: NetName=GND Pin=C9-1
Added Pin To Net: NetName=NetC9_2 Pin=C9-2
Added Pin To Net: NetName=GND Pin=C10-1
Added Pin To Net: NetName=NetC10_2 Pin=C10-2
Added Pin To Net: NetName=NetANT1_2 Pin=C11-1
Added Pin To Net: NetName=NetC11_2 Pin=C11-2
Added Pin To Net: NetName=GND Pin=C12-1
Added Pin To Net: NetName=NetC12_2 Pin=C12-2
Added Pin To Net: NetName=PTI_FRAME Pin=J1-1
Added Pin To Net: NetName=SWDIO Pin=J1-2
Added Pin To Net: NetName=TX Pin=J1-3
Added Pin To Net: NetName=nRST Pin=J1-4
Added Pin To Net: NetName=VDD Pin=J1-5
Added Pin To Net: NetName=PTI_DATA Pin=J1-6
Added Pin To Net: NetName=SWDCLK Pin=J1-7
Added Pin To Net: NetName=SWO Pin=J1-8
Added Pin To Net: NetName=RX Pin=J1-9
Added Pin To Net: NetName=GND Pin=J1-10
Added Pin To Net: NetName=NetC10_2 Pin=L1-1
Added Pin To Net: NetName=NetC9_2 Pin=L1-2
Added Pin To Net: NetName=NetC11_2 Pin=L2-1
Added Pin To Net: NetName=NetC10_2 Pin=L2-2
Added Pin To Net: NetName=VCC Pin=R1-1
Added Pin To Net: NetName=nRST Pin=R1-2
Added Pin To Net: NetName=PTI_FRAME Pin=U1-3
Added Pin To Net: NetName=HFXI Pin=U1-11
Added Pin To Net: NetName=HFXO Pin=U1-12
Added Pin To Net: NetName=nRST Pin=U1-13
Added Pin To Net: NetName=VCC Pin=U1-14
Added Pin To Net: NetName=GND Pin=U1-15
Added Pin To Net: NetName=NetC9_2 Pin=U1-16
Added Pin To Net: NetName=VCC Pin=U1-17
Added Pin To Net: NetName=NetU1_18 Pin=U1-18
Added Pin To Net: NetName=NetU1_19 Pin=U1-19
Added Pin To Net: NetName=NetU1_20 Pin=U1-20
Added Pin To Net: NetName=NetU1_21 Pin=U1-21
Added Pin To Net: NetName=SWCLK Pin=U1-29
Added Pin To Net: NetName=SWDIO Pin=U1-30
Added Pin To Net: NetName=SWO Pin=U1-31
Added Pin To Net: NetName=NetU1_32 Pin=U1-32
Added Pin To Net: NetName=NetU1_33 Pin=U1-33
Added Pin To Net: NetName=TX Pin=U1-34
Added Pin To Net: NetName=RX Pin=U1-35
Added Pin To Net: NetName=NetC12_2 Pin=U1-36
Added Pin To Net: NetName=VCC Pin=U1-38
Added Pin To Net: NetName=GND Pin=U1-39
Added Pin To Net: NetName=VCC Pin=U1-40
Added Pin To Net: NetName=VCC Pin=U1-41
Added Pin To Net: NetName=VCC Pin=U1-42
Added Pin To Net: NetName=GND Pin=U1-49
Added Pin To Net: NetName=GND Pin=U2-A3
Added Pin To Net: NetName=GND Pin=U2-A4
Added Pin To Net: NetName=GND Pin=U2-A5
Added Pin To Net: NetName=GND Pin=U2-A6
Added Pin To Net: NetName=GND Pin=U2-A7
Added Pin To Net: NetName=GND Pin=U2-A8
Added Pin To Net: NetName=GND Pin=U2-A9
Added Pin To Net: NetName=GND Pin=U2-B2
Added Pin To Net: NetName=GND Pin=U2-B9
Added Pin To Net: NetName=GND Pin=U2-B10
Added Pin To Net: NetName=GND Pin=U2-C1
Added Pin To Net: NetName=VCC Pin=U2-C2
Added Pin To Net: NetName=VCC Pin=U2-C9
Added Pin To Net: NetName=GND Pin=U2-C10
Added Pin To Net: NetName=VCC Pin=U2-D1
Added Pin To Net: NetName=GND Pin=U2-D2
Added Pin To Net: NetName=GND Pin=U2-D9
Added Pin To Net: NetName=VCC Pin=U2-D10
Added Pin To Net: NetName=GND Pin=U2-E1
Added Pin To Net: NetName=GND Pin=U2-E2
Added Pin To Net: NetName=GND Pin=U2-E9
Added Pin To Net: NetName=GND Pin=U2-E10
Added Pin To Net: NetName=GND Pin=U2-F1
Added Pin To Net: NetName=GND Pin=U2-F2
Added Pin To Net: NetName=GND Pin=U2-F9
Added Pin To Net: NetName=NetU1_32 Pin=U2-F10
Added Pin To Net: NetName=GND Pin=U2-G1
Added Pin To Net: NetName=GND Pin=U2-G10
Added Pin To Net: NetName=GND Pin=U2-H1
Added Pin To Net: NetName=GND Pin=U2-H2
Added Pin To Net: NetName=GND Pin=U2-H9
Added Pin To Net: NetName=NetU1_18 Pin=U2-J2
Added Pin To Net: NetName=GND Pin=U2-J3
Added Pin To Net: NetName=GND Pin=U2-J5
Added Pin To Net: NetName=GND Pin=U2-J6
Added Pin To Net: NetName=GND Pin=U2-J8
Added Pin To Net: NetName=VCC Pin=U2-J9
Added Pin To Net: NetName=NetU1_21 Pin=U2-K2
Added Pin To Net: NetName=NetU1_20 Pin=U2-K3
Added Pin To Net: NetName=GND Pin=U2-K4
Added Pin To Net: NetName=GND Pin=U2-K5
Added Pin To Net: NetName=NetU1_19 Pin=U2-K6
Added Pin To Net: NetName=GND Pin=U2-K7
Added Pin To Net: NetName=NetU1_33 Pin=U2-K8
Added Pin To Net: NetName=VCC Pin=U2-K9
Added Pin To Net: NetName=GND Pin=U?-1
Added Pin To Net: NetName=GND Pin=U?-3
Added Pin To Net: NetName=GND Pin=U?-6
Added Pin To Net: NetName=HFXI Pin=Y1-1
Added Pin To Net: NetName=GND Pin=Y1-2
Added Pin To Net: NetName=HFXO Pin=Y1-3
Added Pin To Net: NetName=NetB?_1 Pin=B?-1
Added Pin To Net: NetName=NetB?_1 Pin=U?-2
Added Pin To Net: NetName=NetB?_1 Pin=U?-4
Added Net: Name=NetB?_1
Added Member To Class: ClassName=mcu Member=Component ANT1 PRO-OB-440
Added Member To Class: ClassName=power Member=Component B? 2468
Added Member To Class: ClassName=mcu Member=Component C1 0.1 µF
Added Member To Class: ClassName=mcu Member=Component C2 1 µF
Added Member To Class: ClassName=mcu Member=Component C3 1 µF
Added Member To Class: ClassName=mcu Member=Component C4 0.1 µF
Added Member To Class: ClassName=mcu Member=Component C5 100pF
Added Member To Class: ClassName=mcu Member=Component C6 0.1 µF
Added Member To Class: ClassName=mcu Member=Component C7 0.1 µF
Added Member To Class: ClassName=mcu Member=Component C8 1 µF
Added Member To Class: ClassName=mcu Member=Component C9 2.3 pF
Added Member To Class: ClassName=mcu Member=Component C10 1.6 pF
Added Member To Class: ClassName=mcu Member=Component C11 18 pF
Added Member To Class: ClassName=mcu Member=Component C12 1 µF
Added Member To Class: ClassName=mcu Member=Component J1 M40-3200545R
Added Member To Class: ClassName=mcu Member=Component L1 2.5 nH
Added Member To Class: ClassName=mcu Member=Component L2 1.7 nH
Added Member To Class: ClassName=power Member=Component L? 680nH
Added Member To Class: ClassName=mcu Member=Component R1 10 kOhms
Added Member To Class: ClassName=mcu Member=Component U1 EFR32MG24B310F1536IM48
Added Member To Class: ClassName=radar Member=Component U2 A111
Added Member To Class: ClassName=power Member=Component U? TPS62840DLCR
Added Member To Class: ClassName=mcu Member=Component Y1 CX2016DB48000C0WPLA2
