Added Component: Designator=U?(QFN48_0P4_6SQ_SI)
Add component (AddParameter): Name = "Copyright"; Value = "Copyright (C) 2022 Ultra Librarian. All rights reserved."; VariantName = "[No Variations]"
Add component (AddParameter): Name = "Manufacturer_Part_Number"; Value = "EFR32MG24B310F1536IM48"; VariantName = "[No Variations]"
Add component (AddParameter): Name = "Mfr_Name"; Value = "Silicon Labs"; VariantName = "[No Variations]"
Add component (AddParameter): Name = "Value"; Value = "EFR32MG24B310F15"; VariantName = "[No Variations]"
Added Component: Designator=U?(QFN48_0P4_6SQ_SI)
Add component (AddParameter): Name = "Copyright"; Value = "Copyright (C) 2022 Ultra Librarian. All rights reserved."; VariantName = "[No Variations]"
Add component (AddParameter): Name = "Manufacturer_Part_Number"; Value = "EFR32MG24B310F1536IM48"; VariantName = "[No Variations]"
Add component (AddParameter): Name = "Mfr_Name"; Value = "Silicon Labs"; VariantName = "[No Variations]"
Add component (AddParameter): Name = "Value"; Value = "EFR32MG24B310F15"; VariantName = "[No Variations]"
Added Pin To Net: NetName=NetU?_1 Pin=U?-1
Added Pin To Net: NetName=NetU?_1 Pin=U?-15
Added Net: Name=NetU?_1
Added Pin To Net: NetName=NetU?_3 Pin=U?-3
Added Pin To Net: NetName=NetU?_3 Pin=U?-22
Added Net: Name=NetU?_3
Added Pin To Net: NetName=NetU?_4 Pin=U?-4
Added Pin To Net: NetName=NetU?_4 Pin=U?-27
Added Net: Name=NetU?_4
Added Pin To Net: NetName=NetU?_6 Pin=U?-6
Added Pin To Net: NetName=NetU?_6 Pin=U?-37
Added Net: Name=NetU?_6
Added Pin To Net: NetName=NetU?_8 Pin=U?-8
Added Pin To Net: NetName=NetU?_8 Pin=U?-39
Added Net: Name=NetU?_8
Added Pin To Net: NetName=NetU?_10 Pin=U?-10
Added Pin To Net: NetName=NetU?_10 Pin=U?-49
Added Net: Name=NetU?_10
Added Member To Class: ClassName=digital Member=Component U? EFR32MG24B310F15
Added Member To Class: ClassName=digital Member=Component U? EFR32MG24B310F15
