Change Component Designator: OldDesignator=ANT? NewDesignator=ANT1
Change Component Designator: OldDesignator=Y? NewDesignator=Y1
Added Pin To Net: NetName=GND Pin=ANT1-1
Added Pin To Net: NetName=GND Pin=C9-1
Added Pin To Net: NetName=GND Pin=C10-1
Added Pin To Net: NetName=GND Pin=U1-39
Added Pin To Net: NetName=GND Pin=U1-49
Added Pin To Net: NetName=GND Pin=Y1-2
Change Net Name : Old Net Name=NetANT?_2 New Net Name=NetANT1_2
Added Pin To Net: NetName=HFXI Pin=U1-11
Added Pin To Net: NetName=HFXI Pin=Y1-1
Added Net: Name=HFXI
Added Pin To Net: NetName=HFXO Pin=U1-12
Added Pin To Net: NetName=HFXO Pin=Y1-3
Added Net: Name=HFXO
Added Pin To Net: NetName=NetU1_14 Pin=U1-14
Added Pin To Net: NetName=NetU1_14 Pin=U1-17
Added Pin To Net: NetName=NetU1_14 Pin=U1-38
Added Pin To Net: NetName=NetU1_14 Pin=U1-40
Added Pin To Net: NetName=NetU1_14 Pin=U1-41
Added Pin To Net: NetName=NetU1_14 Pin=U1-42
Added Net: Name=NetU1_14
