Removed Pin From Net: NetName=GND Pin=U1-15
Removed Pin From Net: NetName=GND Pin=U1-39
Removed Pin From Net: NetName=GND Pin=U1-49
Removed Pin From Net: NetName=HFXI Pin=Y?-1
Removed Member From Class: ClassName=mcu Member=C?
Change Component Designator: OldDesignator=6 NewDesignator=C6
Added Component: Designator=ANT?(FP-PRO-OB-440-MFG)
Add component (AddParameter): Name = "Automotive"; Value = "No"; VariantName = "[No Variations]"
Add component (AddParameter): Name = "Bandwidth"; Value = "2400-2500MHz"; VariantName = "[No Variations]"
Add component (AddParameter): Name = "Category"; Value = "Ant"; VariantName = "[No Variations]"
Add component (AddParameter): Name = "ComponentLink2Description"; Value = "Datasheet"; VariantName = "[No Variations]"
Add component (AddParameter): Name = "ComponentLink2URL"; Value = "http://www.proant.se/files/user/Documents/Datasheets%20and%20appnotes/Upload%202018-06-08/Application%20note%20-%20OnBoard%20SMD%202400%20MHz%20rev%203.2.pdf"; VariantName = "[No Variations]"
Add component (AddParameter): Name = "Device Class L1"; Value = "Integrated Circuits (ICs)"; VariantName = "[No Variations]"
Add component (AddParameter): Name = "Device Class L2"; Value = "RF Semiconductors and Devices"; VariantName = "[No Variations]"
Add component (AddParameter): Name = "Device Class L3"; Value = "RF Antennas"; VariantName = "[No Variations]"
Add component (AddParameter): Name = "Digikey Description"; Value = "RF ANT 2.4GHZ STAMPED MET SLD"; VariantName = "[No Variations]"
Add component (AddParameter): Name = "Height"; Value = "3.53mm"; VariantName = "[No Variations]"
Add component (AddParameter): Name = "Impedance"; Value = "50O"; VariantName = "[No Variations]"
Add component (AddParameter): Name = "Lead Free"; Value = "Yes"; VariantName = "[No Variations]"
Add component (AddParameter): Name = "Manufacturer"; Value = "ProAnt"; VariantName = "[No Variations]"
Add component (AddParameter): Name = "Manufacturer Part Number"; Value = "PRO-OB-440"; VariantName = "[No Variations]"
Add component (AddParameter): Name = "Max Frequency"; Value = "2500MHz"; VariantName = "[No Variations]"
Add component (AddParameter): Name = "Number Of Bands"; Value = "1"; VariantName = "[No Variations]"
Add component (AddParameter): Name = "Octopart"; Value = "https://octopart.com/pro-ob-440-proant+ab-62921801"; VariantName = "[No Variations]"
Add component (AddParameter): Name = "Package"; Value = "PRO-OB-440"; VariantName = "[No Variations]"
Add component (AddParameter): Name = "Return Loss"; Value = "-10dB"; VariantName = "[No Variations]"
Add component (AddParameter): Name = "RoHS"; Value = "TRUE"; VariantName = "[No Variations]"
Add component (AddParameter): Name = "Temperature"; Value = "-40°C to +125°C"; VariantName = "[No Variations]"
Add component (AddParameter): Name = "Temperature Range High"; Value = "+125°C"; VariantName = "[No Variations]"
Add component (AddParameter): Name = "Temperature Range Low"; Value = "-40°C"; VariantName = "[No Variations]"
Added Pin To Net: NetName=NetANT?_2 Pin=ANT?-2
Added Pin To Net: NetName=NetANT?_2 Pin=C11-1
Added Net: Name=NetANT?_2
Added Pin To Net: NetName=NetC9_2 Pin=C9-2
Added Pin To Net: NetName=NetC9_2 Pin=L1-2
Added Pin To Net: NetName=NetC9_2 Pin=U1-16
Added Net: Name=NetC9_2
Added Pin To Net: NetName=NetC10_2 Pin=C10-2
Added Pin To Net: NetName=NetC10_2 Pin=L1-1
Added Pin To Net: NetName=NetC10_2 Pin=L2-2
Added Net: Name=NetC10_2
Added Pin To Net: NetName=NetC11_2 Pin=C11-2
Added Pin To Net: NetName=NetC11_2 Pin=L2-1
Added Net: Name=NetC11_2
Added Member To Class: ClassName=mcu Member=Component ANT? PRO-OB-440
