Added Pin To Net: NetName=GND Pin=U-A3
Added Pin To Net: NetName=GND Pin=U-A4
Added Pin To Net: NetName=GND Pin=U-A5
Added Pin To Net: NetName=GND Pin=U-A6
Added Pin To Net: NetName=GND Pin=U-A7
Added Pin To Net: NetName=GND Pin=U-A8
Added Pin To Net: NetName=GND Pin=U-A9
Added Pin To Net: NetName=GND Pin=U-B2
Added Pin To Net: NetName=GND Pin=U-B9
Added Pin To Net: NetName=GND Pin=U-B10
Added Pin To Net: NetName=GND Pin=U-C1
Added Pin To Net: NetName=GND Pin=U-C10
Added Pin To Net: NetName=GND Pin=U-D2
Added Pin To Net: NetName=GND Pin=U-D9
Added Pin To Net: NetName=GND Pin=U-E1
Added Pin To Net: NetName=GND Pin=U-E2
Added Pin To Net: NetName=GND Pin=U-E9
Added Pin To Net: NetName=GND Pin=U-E10
Added Pin To Net: NetName=GND Pin=U-F1
Added Pin To Net: NetName=GND Pin=U-F2
Added Pin To Net: NetName=GND Pin=U-F9
Added Pin To Net: NetName=GND Pin=U-G1
Added Pin To Net: NetName=GND Pin=U-G10
Added Pin To Net: NetName=GND Pin=U-H1
Added Pin To Net: NetName=GND Pin=U-H2
Added Pin To Net: NetName=GND Pin=U-H9
Added Pin To Net: NetName=GND Pin=U-J3
Added Pin To Net: NetName=GND Pin=U-J5
Added Pin To Net: NetName=GND Pin=U-J6
Added Pin To Net: NetName=GND Pin=U-J8
Added Pin To Net: NetName=GND Pin=U-K4
Added Pin To Net: NetName=GND Pin=U-K5
Added Room: Name=digital
